<?xml version="1.0" encoding="UTF-8"?>
<testsuite xmlns:xsi="http://www.w3.org/2001/XMLSchema-instance" xsi:noNamespaceSchemaLocation="https://maven.apache.org/surefire/maven-surefire-plugin/xsd/surefire-test-report-3.0.xsd" version="3.0" name="com.backend.gym.controller.proxy.registration.UserManagementControllerRegistrationTest" time="20.628" tests="8" errors="0" skipped="0" failures="0">
  <properties>
    <property name="java.specification.version" value="21"/>
    <property name="sun.jnu.encoding" value="UTF-8"/>
    <property name="java.class.path" value="/Users/igormier/IdeaProjects/gym_server/gym-backend/gym-backend-starter/target/test-classes:/Users/igormier/IdeaProjects/gym_server/gym-backend/gym-backend-starter/target/classes:/Users/igormier/IdeaProjects/gym_server/gym-backend/authorisation/target/gym-backend-security-0.0.1.jar:/Users/igormier/.m2/repository/org/springframework/boot/spring-boot-starter/3.1.3/spring-boot-starter-3.1.3.jar:/Users/igormier/.m2/repository/org/springframework/boot/spring-boot/3.1.3/spring-boot-3.1.3.jar:/Users/igormier/.m2/repository/org/springframework/spring-context/6.0.11/spring-context-6.0.11.jar:/Users/igormier/.m2/repository/org/springframework/boot/spring-boot-autoconfigure/3.1.3/spring-boot-autoconfigure-3.1.3.jar:/Users/igormier/.m2/repository/org/springframework/boot/spring-boot-starter-logging/3.1.3/spring-boot-starter-logging-3.1.3.jar:/Users/igormier/.m2/repository/ch/qos/logback/logback-classic/1.4.11/logback-classic-1.4.11.jar:/Users/igormier/.m2/repository/ch/qos/logback/logback-core/1.4.11/logback-core-1.4.11.jar:/Users/igormier/.m2/repository/org/apache/logging/log4j/log4j-to-slf4j/2.20.0/log4j-to-slf4j-2.20.0.jar:/Users/igormier/.m2/repository/org/apache/logging/log4j/log4j-api/2.20.0/log4j-api-2.20.0.jar:/Users/igormier/.m2/repository/org/slf4j/jul-to-slf4j/2.0.7/jul-to-slf4j-2.0.7.jar:/Users/igormier/.m2/repository/jakarta/annotation/jakarta.annotation-api/2.1.1/jakarta.annotation-api-2.1.1.jar:/Users/igormier/.m2/repository/org/springframework/spring-core/6.0.11/spring-core-6.0.11.jar:/Users/igormier/.m2/repository/org/springframework/spring-jcl/6.0.11/spring-jcl-6.0.11.jar:/Users/igormier/.m2/repository/org/yaml/snakeyaml/1.33/snakeyaml-1.33.jar:/Users/igormier/.m2/repository/org/springframework/boot/spring-boot-starter-security/3.1.3/spring-boot-starter-security-3.1.3.jar:/Users/igormier/.m2/repository/org/springframework/spring-aop/6.0.11/spring-aop-6.0.11.jar:/Users/igormier/.m2/repository/org/springframework/spring-beans/6.0.11/spring-beans-6.0.11.jar:/Users/igormier/.m2/repository/org/springframework/security/spring-security-config/6.1.3/spring-security-config-6.1.3.jar:/Users/igormier/.m2/repository/org/springframework/security/spring-security-core/6.1.3/spring-security-core-6.1.3.jar:/Users/igormier/.m2/repository/org/springframework/security/spring-security-crypto/6.1.3/spring-security-crypto-6.1.3.jar:/Users/igormier/.m2/repository/org/springframework/security/spring-security-web/6.1.3/spring-security-web-6.1.3.jar:/Users/igormier/.m2/repository/org/springframework/spring-expression/6.0.11/spring-expression-6.0.11.jar:/Users/igormier/.m2/repository/org/springframework/boot/spring-boot-starter-test/3.2.5/spring-boot-starter-test-3.2.5.jar:/Users/igormier/.m2/repository/org/springframework/boot/spring-boot-test/3.1.3/spring-boot-test-3.1.3.jar:/Users/igormier/.m2/repository/org/springframework/boot/spring-boot-test-autoconfigure/3.1.3/spring-boot-test-autoconfigure-3.1.3.jar:/Users/igormier/.m2/repository/com/jayway/jsonpath/json-path/2.8.0/json-path-2.8.0.jar:/Users/igormier/.m2/repository/org/slf4j/slf4j-api/2.0.7/slf4j-api-2.0.7.jar:/Users/igormier/.m2/repository/jakarta/xml/bind/jakarta.xml.bind-api/4.0.0/jakarta.xml.bind-api-4.0.0.jar:/Users/igormier/.m2/repository/jakarta/activation/jakarta.activation-api/2.1.2/jakarta.activation-api-2.1.2.jar:/Users/igormier/.m2/repository/net/minidev/json-smart/2.4.11/json-smart-2.4.11.jar:/Users/igormier/.m2/repository/net/minidev/accessors-smart/2.4.11/accessors-smart-2.4.11.jar:/Users/igormier/.m2/repository/org/ow2/asm/asm/9.3/asm-9.3.jar:/Users/igormier/.m2/repository/org/awaitility/awaitility/4.2.0/awaitility-4.2.0.jar:/Users/igormier/.m2/repository/org/hamcrest/hamcrest/2.2/hamcrest-2.2.jar:/Users/igormier/.m2/repository/org/junit/jupiter/junit-jupiter/5.9.3/junit-jupiter-5.9.3.jar:/Users/igormier/.m2/repository/org/junit/jupiter/junit-jupiter-params/5.9.3/junit-jupiter-params-5.9.3.jar:/Users/igormier/.m2/repository/org/junit/jupiter/junit-jupiter-engine/5.9.3/junit-jupiter-engine-5.9.3.jar:/Users/igormier/.m2/repository/org/junit/platform/junit-platform-engine/1.9.3/junit-platform-engine-1.9.3.jar:/Users/igormier/.m2/repository/org/mockito/mockito-core/5.3.1/mockito-core-5.3.1.jar:/Users/igormier/.m2/repository/net/bytebuddy/byte-buddy-agent/1.14.6/byte-buddy-agent-1.14.6.jar:/Users/igormier/.m2/repository/org/objenesis/objenesis/3.3/objenesis-3.3.jar:/Users/igormier/.m2/repository/org/skyscreamer/jsonassert/1.5.1/jsonassert-1.5.1.jar:/Users/igormier/.m2/repository/com/vaadin/external/google/android-json/0.0.20131108.vaadin1/android-json-0.0.20131108.vaadin1.jar:/Users/igormier/.m2/repository/org/xmlunit/xmlunit-core/2.9.1/xmlunit-core-2.9.1.jar:/Users/igormier/.m2/repository/org/springframework/boot/spring-boot-starter-mail/3.1.5/spring-boot-starter-mail-3.1.5.jar:/Users/igormier/.m2/repository/org/springframework/spring-context-support/6.0.11/spring-context-support-6.0.11.jar:/Users/igormier/.m2/repository/org/eclipse/angus/jakarta.mail/1.1.0/jakarta.mail-1.1.0.jar:/Users/igormier/.m2/repository/org/eclipse/angus/angus-activation/2.0.1/angus-activation-2.0.1.jar:/Users/igormier/IdeaProjects/gym_server/gym-response/target/gym-response-0.0.1-SNAPSHOT.jar:/Users/igormier/.m2/repository/org/springframework/spring-web/6.0.11/spring-web-6.0.11.jar:/Users/igormier/.m2/repository/io/micrometer/micrometer-observation/1.11.3/micrometer-observation-1.11.3.jar:/Users/igormier/.m2/repository/io/micrometer/micrometer-commons/1.11.3/micrometer-commons-1.11.3.jar:/Users/igormier/.m2/repository/io/jsonwebtoken/jjwt-api/0.11.5/jjwt-api-0.11.5.jar:/Users/igormier/.m2/repository/io/jsonwebtoken/jjwt-impl/0.11.5/jjwt-impl-0.11.5.jar:/Users/igormier/.m2/repository/io/jsonwebtoken/jjwt-jackson/0.11.5/jjwt-jackson-0.11.5.jar:/Users/igormier/.m2/repository/com/fasterxml/jackson/core/jackson-databind/2.15.2/jackson-databind-2.15.2.jar:/Users/igormier/.m2/repository/com/fasterxml/jackson/core/jackson-core/2.15.2/jackson-core-2.15.2.jar:/Users/igormier/IdeaProjects/gym_server/gym-backend/gym-core/target/gym-core-0.0.1-SNAPSHOT.jar:/Users/igormier/.m2/repository/junit/junit/4.13.2/junit-4.13.2.jar:/Users/igormier/.m2/repository/org/hamcrest/hamcrest-core/2.2/hamcrest-core-2.2.jar:/Users/igormier/IdeaProjects/gym_server/gym-backend/User-registration-use-case/target/User-platform-access-use-case-0.0.1-SNAPSHOT.jar:/Users/igormier/.m2/repository/org/projectlombok/lombok/1.18.30/lombok-1.18.30.jar:/Users/igormier/.m2/repository/org/hibernate/orm/hibernate-core/6.2.7.Final/hibernate-core-6.2.7.Final.jar:/Users/igormier/.m2/repository/jakarta/persistence/jakarta.persistence-api/3.1.0/jakarta.persistence-api-3.1.0.jar:/Users/igormier/.m2/repository/jakarta/transaction/jakarta.transaction-api/2.0.1/jakarta.transaction-api-2.0.1.jar:/Users/igormier/.m2/repository/org/jboss/logging/jboss-logging/3.5.3.Final/jboss-logging-3.5.3.Final.jar:/Users/igormier/.m2/repository/org/hibernate/common/hibernate-commons-annotations/6.0.6.Final/hibernate-commons-annotations-6.0.6.Final.jar:/Users/igormier/.m2/repository/io/smallrye/jandex/3.0.5/jandex-3.0.5.jar:/Users/igormier/.m2/repository/com/fasterxml/classmate/1.5.1/classmate-1.5.1.jar:/Users/igormier/.m2/repository/net/bytebuddy/byte-buddy/1.14.6/byte-buddy-1.14.6.jar:/Users/igormier/.m2/repository/org/glassfish/jaxb/jaxb-runtime/4.0.3/jaxb-runtime-4.0.3.jar:/Users/igormier/.m2/repository/org/glassfish/jaxb/jaxb-core/4.0.3/jaxb-core-4.0.3.jar:/Users/igormier/.m2/repository/org/glassfish/jaxb/txw2/4.0.3/txw2-4.0.3.jar:/Users/igormier/.m2/repository/com/sun/istack/istack-commons-runtime/4.1.2/istack-commons-runtime-4.1.2.jar:/Users/igormier/.m2/repository/jakarta/inject/jakarta.inject-api/2.0.1/jakarta.inject-api-2.0.1.jar:/Users/igormier/.m2/repository/org/antlr/antlr4-runtime/4.10.1/antlr4-runtime-4.10.1.jar:/Users/igormier/.m2/repository/org/springframework/boot/spring-boot-starter-data-jpa/3.3.0/spring-boot-starter-data-jpa-3.3.0.jar:/Users/igormier/.m2/repository/org/springframework/boot/spring-boot-starter-aop/3.1.3/spring-boot-starter-aop-3.1.3.jar:/Users/igormier/.m2/repository/org/aspectj/aspectjweaver/1.9.20/aspectjweaver-1.9.20.jar:/Users/igormier/.m2/repository/org/springframework/boot/spring-boot-starter-jdbc/3.1.3/spring-boot-starter-jdbc-3.1.3.jar:/Users/igormier/.m2/repository/com/zaxxer/HikariCP/5.0.1/HikariCP-5.0.1.jar:/Users/igormier/.m2/repository/org/springframework/spring-jdbc/6.0.11/spring-jdbc-6.0.11.jar:/Users/igormier/.m2/repository/org/springframework/data/spring-data-jpa/3.1.3/spring-data-jpa-3.1.3.jar:/Users/igormier/.m2/repository/org/springframework/data/spring-data-commons/3.1.3/spring-data-commons-3.1.3.jar:/Users/igormier/.m2/repository/org/springframework/spring-orm/6.0.11/spring-orm-6.0.11.jar:/Users/igormier/.m2/repository/org/springframework/spring-tx/6.0.11/spring-tx-6.0.11.jar:/Users/igormier/.m2/repository/org/springframework/spring-aspects/6.0.11/spring-aspects-6.0.11.jar:/Users/igormier/.m2/repository/org/postgresql/postgresql/42.7.3/postgresql-42.7.3.jar:/Users/igormier/.m2/repository/org/checkerframework/checker-qual/3.42.0/checker-qual-3.42.0.jar:/Users/igormier/.m2/repository/org/springframework/boot/spring-boot-starter-web/3.3.0/spring-boot-starter-web-3.3.0.jar:/Users/igormier/.m2/repository/org/springframework/boot/spring-boot-starter-json/3.1.3/spring-boot-starter-json-3.1.3.jar:/Users/igormier/.m2/repository/com/fasterxml/jackson/datatype/jackson-datatype-jdk8/2.15.2/jackson-datatype-jdk8-2.15.2.jar:/Users/igormier/.m2/repository/com/fasterxml/jackson/datatype/jackson-datatype-jsr310/2.15.2/jackson-datatype-jsr310-2.15.2.jar:/Users/igormier/.m2/repository/com/fasterxml/jackson/module/jackson-module-parameter-names/2.15.2/jackson-module-parameter-names-2.15.2.jar:/Users/igormier/.m2/repository/org/springframework/boot/spring-boot-starter-tomcat/3.1.3/spring-boot-starter-tomcat-3.1.3.jar:/Users/igormier/.m2/repository/org/apache/tomcat/embed/tomcat-embed-core/10.1.12/tomcat-embed-core-10.1.12.jar:/Users/igormier/.m2/repository/org/apache/tomcat/embed/tomcat-embed-el/10.1.12/tomcat-embed-el-10.1.12.jar:/Users/igormier/.m2/repository/org/apache/tomcat/embed/tomcat-embed-websocket/10.1.12/tomcat-embed-websocket-10.1.12.jar:/Users/igormier/.m2/repository/org/springframework/spring-webmvc/6.0.11/spring-webmvc-6.0.11.jar:/Users/igormier/.m2/repository/org/apache/maven/plugins/maven-surefire-plugin/3.2.5/maven-surefire-plugin-3.2.5.jar:/Users/igormier/.m2/repository/org/apache/maven/surefire/maven-surefire-common/3.2.5/maven-surefire-common-3.2.5.jar:/Users/igormier/.m2/repository/org/apache/maven/surefire/surefire-api/3.2.5/surefire-api-3.2.5.jar:/Users/igormier/.m2/repository/org/apache/maven/surefire/surefire-logger-api/3.2.5/surefire-logger-api-3.2.5.jar:/Users/igormier/.m2/repository/org/apache/maven/surefire/surefire-extensions-api/3.2.5/surefire-extensions-api-3.2.5.jar:/Users/igormier/.m2/repository/org/apache/maven/surefire/surefire-booter/3.2.5/surefire-booter-3.2.5.jar:/Users/igormier/.m2/repository/org/apache/maven/surefire/surefire-extensions-spi/3.2.5/surefire-extensions-spi-3.2.5.jar:/Users/igormier/.m2/repository/org/eclipse/aether/aether-util/1.0.0.v20140518/aether-util-1.0.0.v20140518.jar:/Users/igormier/.m2/repository/org/eclipse/aether/aether-api/1.0.0.v20140518/aether-api-1.0.0.v20140518.jar:/Users/igormier/.m2/repository/org/apache/maven/shared/maven-common-artifact-filters/3.1.1/maven-common-artifact-filters-3.1.1.jar:/Users/igormier/.m2/repository/org/apache/maven/maven-artifact/3.1.0/maven-artifact-3.1.0.jar:/Users/igormier/.m2/repository/org/codehaus/plexus/plexus-utils/3.0.10/plexus-utils-3.0.10.jar:/Users/igormier/.m2/repository/org/apache/maven/maven-core/3.1.0/maven-core-3.1.0.jar:/Users/igormier/.m2/repository/org/apache/maven/maven-settings/3.1.0/maven-settings-3.1.0.jar:/Users/igormier/.m2/repository/org/apache/maven/maven-settings-builder/3.1.0/maven-settings-builder-3.1.0.jar:/Users/igormier/.m2/repository/org/apache/maven/maven-repository-metadata/3.1.0/maven-repository-metadata-3.1.0.jar:/Users/igormier/.m2/repository/org/apache/maven/maven-model-builder/3.1.0/maven-model-builder-3.1.0.jar:/Users/igormier/.m2/repository/org/apache/maven/maven-aether-provider/3.1.0/maven-aether-provider-3.1.0.jar:/Users/igormier/.m2/repository/org/eclipse/aether/aether-spi/0.9.0.M2/aether-spi-0.9.0.M2.jar:/Users/igormier/.m2/repository/org/eclipse/aether/aether-impl/0.9.0.M2/aether-impl-0.9.0.M2.jar:/Users/igormier/.m2/repository/org/eclipse/sisu/org.eclipse.sisu.plexus/0.0.0.M2a/org.eclipse.sisu.plexus-0.0.0.M2a.jar:/Users/igormier/.m2/repository/javax/enterprise/cdi-api/1.0/cdi-api-1.0.jar:/Users/igormier/.m2/repository/javax/annotation/jsr250-api/1.0/jsr250-api-1.0.jar:/Users/igormier/.m2/repository/javax/inject/javax.inject/1/javax.inject-1.jar:/Users/igormier/.m2/repository/org/sonatype/sisu/sisu-guice/3.1.0/sisu-guice-3.1.0-no_aop.jar:/Users/igormier/.m2/repository/aopalliance/aopalliance/1.0/aopalliance-1.0.jar:/Users/igormier/.m2/repository/org/eclipse/sisu/org.eclipse.sisu.inject/0.0.0.M2a/org.eclipse.sisu.inject-0.0.0.M2a.jar:/Users/igormier/.m2/repository/asm/asm/3.3.1/asm-3.3.1.jar:/Users/igormier/.m2/repository/org/codehaus/plexus/plexus-interpolation/1.16/plexus-interpolation-1.16.jar:/Users/igormier/.m2/repository/org/codehaus/plexus/plexus-classworlds/2.4.2/plexus-classworlds-2.4.2.jar:/Users/igormier/.m2/repository/org/codehaus/plexus/plexus-component-annotations/1.5.5/plexus-component-annotations-1.5.5.jar:/Users/igormier/.m2/repository/org/sonatype/plexus/plexus-sec-dispatcher/1.3/plexus-sec-dispatcher-1.3.jar:/Users/igormier/.m2/repository/org/sonatype/plexus/plexus-cipher/1.4/plexus-cipher-1.4.jar:/Users/igormier/.m2/repository/org/apache/maven/maven-plugin-api/3.1.0/maven-plugin-api-3.1.0.jar:/Users/igormier/.m2/repository/commons-io/commons-io/2.6/commons-io-2.6.jar:/Users/igormier/.m2/repository/org/codehaus/plexus/plexus-java/1.2.0/plexus-java-1.2.0.jar:/Users/igormier/.m2/repository/com/thoughtworks/qdox/qdox/2.0.3/qdox-2.0.3.jar:/Users/igormier/.m2/repository/org/apache/maven/surefire/surefire-shared-utils/3.2.5/surefire-shared-utils-3.2.5.jar:/Users/igormier/.m2/repository/com/hubspot/algebra/1.4/algebra-1.4.jar:/Users/igormier/.m2/repository/com/google/guava/guava/22.0/guava-22.0.jar:/Users/igormier/.m2/repository/com/google/errorprone/error_prone_annotations/2.0.18/error_prone_annotations-2.0.18.jar:/Users/igormier/.m2/repository/com/google/j2objc/j2objc-annotations/1.1/j2objc-annotations-1.1.jar:/Users/igormier/.m2/repository/org/codehaus/mojo/animal-sniffer-annotations/1.14/animal-sniffer-annotations-1.14.jar:/Users/igormier/.m2/repository/com/hubspot/immutables/hubspot-style/1.2/hubspot-style-1.2.jar:/Users/igormier/.m2/repository/com/google/code/findbugs/annotations/3.0.1/annotations-3.0.1.jar:/Users/igormier/.m2/repository/com/hubspot/immutables/immutables-exceptions/1.2/immutables-exceptions-1.2.jar:/Users/igormier/.m2/repository/com/fasterxml/jackson/core/jackson-annotations/2.15.2/jackson-annotations-2.15.2.jar:/Users/igormier/.m2/repository/org/derive4j/derive4j-annotation/1.1.0/derive4j-annotation-1.1.0.jar:/Users/igormier/.m2/repository/org/apache/commons/commons-lang3/3.14.0/commons-lang3-3.14.0.jar:/Users/igormier/.m2/repository/org/springframework/spring-test/6.1.6/spring-test-6.1.6.jar:/Users/igormier/.m2/repository/org/assertj/assertj-core/3.25.3/assertj-core-3.25.3.jar:/Users/igormier/.m2/repository/org/mockito/mockito-junit-jupiter/5.11.0/mockito-junit-jupiter-5.11.0.jar:/Users/igormier/.m2/repository/org/junit/jupiter/junit-jupiter-api/5.9.3/junit-jupiter-api-5.9.3.jar:/Users/igormier/.m2/repository/org/opentest4j/opentest4j/1.2.0/opentest4j-1.2.0.jar:/Users/igormier/.m2/repository/org/junit/platform/junit-platform-commons/1.9.3/junit-platform-commons-1.9.3.jar:/Users/igormier/.m2/repository/org/apiguardian/apiguardian-api/1.1.2/apiguardian-api-1.1.2.jar:/Users/igormier/.m2/repository/com/github/gavlyukovskiy/datasource-decorator-spring-boot-autoconfigure/1.9.1/datasource-decorator-spring-boot-autoconfigure-1.9.1.jar:/Users/igormier/.m2/repository/com/oath/cyclops/cyclops/10.4.1/cyclops-10.4.1.jar:/Users/igormier/.m2/repository/org/agrona/Agrona/0.9.1/Agrona-0.9.1.jar:/Users/igormier/.m2/repository/org/reactivestreams/reactive-streams/1.0.4/reactive-streams-1.0.4.jar:/Users/igormier/.m2/repository/io/kindedj/kindedj/1.1.0/kindedj-1.1.0.jar:"/>
    <property name="java.vm.vendor" value="Amazon.com Inc."/>
    <property name="sun.arch.data.model" value="64"/>
    <property name="java.vendor.url" value="https://aws.amazon.com/corretto/"/>
    <property name="user.timezone" value="Europe/Warsaw"/>
    <property name="org.jboss.logging.provider" value="slf4j"/>
    <property name="os.name" value="Mac OS X"/>
    <property name="java.vm.specification.version" value="21"/>
    <property name="sun.java.launcher" value="SUN_STANDARD"/>
    <property name="user.country" value="GB"/>
    <property name="sun.boot.library.path" value="/Users/igormier/.sdkman/candidates/java/21.0.1-amzn/lib"/>
    <property name="sun.java.command" value="/Users/igormier/IdeaProjects/gym_server/gym-backend/gym-backend-starter/target/surefire/surefirebooter-20240618220956159_10.jar /Users/igormier/IdeaProjects/gym_server/gym-backend/gym-backend-starter/target/surefire 2024-06-18T22-09-45_675-jvmRun1 surefire-20240618220956159_8tmp surefire_1-20240618220956159_9tmp"/>
    <property name="http.nonProxyHosts" value="local|*.local|169.254/16|*.169.254/16"/>
    <property name="jdk.debug" value="release"/>
    <property name="surefire.test.class.path" value="/Users/igormier/IdeaProjects/gym_server/gym-backend/gym-backend-starter/target/test-classes:/Users/igormier/IdeaProjects/gym_server/gym-backend/gym-backend-starter/target/classes:/Users/igormier/IdeaProjects/gym_server/gym-backend/authorisation/target/gym-backend-security-0.0.1.jar:/Users/igormier/.m2/repository/org/springframework/boot/spring-boot-starter/3.1.3/spring-boot-starter-3.1.3.jar:/Users/igormier/.m2/repository/org/springframework/boot/spring-boot/3.1.3/spring-boot-3.1.3.jar:/Users/igormier/.m2/repository/org/springframework/spring-context/6.0.11/spring-context-6.0.11.jar:/Users/igormier/.m2/repository/org/springframework/boot/spring-boot-autoconfigure/3.1.3/spring-boot-autoconfigure-3.1.3.jar:/Users/igormier/.m2/repository/org/springframework/boot/spring-boot-starter-logging/3.1.3/spring-boot-starter-logging-3.1.3.jar:/Users/igormier/.m2/repository/ch/qos/logback/logback-classic/1.4.11/logback-classic-1.4.11.jar:/Users/igormier/.m2/repository/ch/qos/logback/logback-core/1.4.11/logback-core-1.4.11.jar:/Users/igormier/.m2/repository/org/apache/logging/log4j/log4j-to-slf4j/2.20.0/log4j-to-slf4j-2.20.0.jar:/Users/igormier/.m2/repository/org/apache/logging/log4j/log4j-api/2.20.0/log4j-api-2.20.0.jar:/Users/igormier/.m2/repository/org/slf4j/jul-to-slf4j/2.0.7/jul-to-slf4j-2.0.7.jar:/Users/igormier/.m2/repository/jakarta/annotation/jakarta.annotation-api/2.1.1/jakarta.annotation-api-2.1.1.jar:/Users/igormier/.m2/repository/org/springframework/spring-core/6.0.11/spring-core-6.0.11.jar:/Users/igormier/.m2/repository/org/springframework/spring-jcl/6.0.11/spring-jcl-6.0.11.jar:/Users/igormier/.m2/repository/org/yaml/snakeyaml/1.33/snakeyaml-1.33.jar:/Users/igormier/.m2/repository/org/springframework/boot/spring-boot-starter-security/3.1.3/spring-boot-starter-security-3.1.3.jar:/Users/igormier/.m2/repository/org/springframework/spring-aop/6.0.11/spring-aop-6.0.11.jar:/Users/igormier/.m2/repository/org/springframework/spring-beans/6.0.11/spring-beans-6.0.11.jar:/Users/igormier/.m2/repository/org/springframework/security/spring-security-config/6.1.3/spring-security-config-6.1.3.jar:/Users/igormier/.m2/repository/org/springframework/security/spring-security-core/6.1.3/spring-security-core-6.1.3.jar:/Users/igormier/.m2/repository/org/springframework/security/spring-security-crypto/6.1.3/spring-security-crypto-6.1.3.jar:/Users/igormier/.m2/repository/org/springframework/security/spring-security-web/6.1.3/spring-security-web-6.1.3.jar:/Users/igormier/.m2/repository/org/springframework/spring-expression/6.0.11/spring-expression-6.0.11.jar:/Users/igormier/.m2/repository/org/springframework/boot/spring-boot-starter-test/3.2.5/spring-boot-starter-test-3.2.5.jar:/Users/igormier/.m2/repository/org/springframework/boot/spring-boot-test/3.1.3/spring-boot-test-3.1.3.jar:/Users/igormier/.m2/repository/org/springframework/boot/spring-boot-test-autoconfigure/3.1.3/spring-boot-test-autoconfigure-3.1.3.jar:/Users/igormier/.m2/repository/com/jayway/jsonpath/json-path/2.8.0/json-path-2.8.0.jar:/Users/igormier/.m2/repository/org/slf4j/slf4j-api/2.0.7/slf4j-api-2.0.7.jar:/Users/igormier/.m2/repository/jakarta/xml/bind/jakarta.xml.bind-api/4.0.0/jakarta.xml.bind-api-4.0.0.jar:/Users/igormier/.m2/repository/jakarta/activation/jakarta.activation-api/2.1.2/jakarta.activation-api-2.1.2.jar:/Users/igormier/.m2/repository/net/minidev/json-smart/2.4.11/json-smart-2.4.11.jar:/Users/igormier/.m2/repository/net/minidev/accessors-smart/2.4.11/accessors-smart-2.4.11.jar:/Users/igormier/.m2/repository/org/ow2/asm/asm/9.3/asm-9.3.jar:/Users/igormier/.m2/repository/org/awaitility/awaitility/4.2.0/awaitility-4.2.0.jar:/Users/igormier/.m2/repository/org/hamcrest/hamcrest/2.2/hamcrest-2.2.jar:/Users/igormier/.m2/repository/org/junit/jupiter/junit-jupiter/5.9.3/junit-jupiter-5.9.3.jar:/Users/igormier/.m2/repository/org/junit/jupiter/junit-jupiter-params/5.9.3/junit-jupiter-params-5.9.3.jar:/Users/igormier/.m2/repository/org/junit/jupiter/junit-jupiter-engine/5.9.3/junit-jupiter-engine-5.9.3.jar:/Users/igormier/.m2/repository/org/junit/platform/junit-platform-engine/1.9.3/junit-platform-engine-1.9.3.jar:/Users/igormier/.m2/repository/org/mockito/mockito-core/5.3.1/mockito-core-5.3.1.jar:/Users/igormier/.m2/repository/net/bytebuddy/byte-buddy-agent/1.14.6/byte-buddy-agent-1.14.6.jar:/Users/igormier/.m2/repository/org/objenesis/objenesis/3.3/objenesis-3.3.jar:/Users/igormier/.m2/repository/org/skyscreamer/jsonassert/1.5.1/jsonassert-1.5.1.jar:/Users/igormier/.m2/repository/com/vaadin/external/google/android-json/0.0.20131108.vaadin1/android-json-0.0.20131108.vaadin1.jar:/Users/igormier/.m2/repository/org/xmlunit/xmlunit-core/2.9.1/xmlunit-core-2.9.1.jar:/Users/igormier/.m2/repository/org/springframework/boot/spring-boot-starter-mail/3.1.5/spring-boot-starter-mail-3.1.5.jar:/Users/igormier/.m2/repository/org/springframework/spring-context-support/6.0.11/spring-context-support-6.0.11.jar:/Users/igormier/.m2/repository/org/eclipse/angus/jakarta.mail/1.1.0/jakarta.mail-1.1.0.jar:/Users/igormier/.m2/repository/org/eclipse/angus/angus-activation/2.0.1/angus-activation-2.0.1.jar:/Users/igormier/IdeaProjects/gym_server/gym-response/target/gym-response-0.0.1-SNAPSHOT.jar:/Users/igormier/.m2/repository/org/springframework/spring-web/6.0.11/spring-web-6.0.11.jar:/Users/igormier/.m2/repository/io/micrometer/micrometer-observation/1.11.3/micrometer-observation-1.11.3.jar:/Users/igormier/.m2/repository/io/micrometer/micrometer-commons/1.11.3/micrometer-commons-1.11.3.jar:/Users/igormier/.m2/repository/io/jsonwebtoken/jjwt-api/0.11.5/jjwt-api-0.11.5.jar:/Users/igormier/.m2/repository/io/jsonwebtoken/jjwt-impl/0.11.5/jjwt-impl-0.11.5.jar:/Users/igormier/.m2/repository/io/jsonwebtoken/jjwt-jackson/0.11.5/jjwt-jackson-0.11.5.jar:/Users/igormier/.m2/repository/com/fasterxml/jackson/core/jackson-databind/2.15.2/jackson-databind-2.15.2.jar:/Users/igormier/.m2/repository/com/fasterxml/jackson/core/jackson-core/2.15.2/jackson-core-2.15.2.jar:/Users/igormier/IdeaProjects/gym_server/gym-backend/gym-core/target/gym-core-0.0.1-SNAPSHOT.jar:/Users/igormier/.m2/repository/junit/junit/4.13.2/junit-4.13.2.jar:/Users/igormier/.m2/repository/org/hamcrest/hamcrest-core/2.2/hamcrest-core-2.2.jar:/Users/igormier/IdeaProjects/gym_server/gym-backend/User-registration-use-case/target/User-platform-access-use-case-0.0.1-SNAPSHOT.jar:/Users/igormier/.m2/repository/org/projectlombok/lombok/1.18.30/lombok-1.18.30.jar:/Users/igormier/.m2/repository/org/hibernate/orm/hibernate-core/6.2.7.Final/hibernate-core-6.2.7.Final.jar:/Users/igormier/.m2/repository/jakarta/persistence/jakarta.persistence-api/3.1.0/jakarta.persistence-api-3.1.0.jar:/Users/igormier/.m2/repository/jakarta/transaction/jakarta.transaction-api/2.0.1/jakarta.transaction-api-2.0.1.jar:/Users/igormier/.m2/repository/org/jboss/logging/jboss-logging/3.5.3.Final/jboss-logging-3.5.3.Final.jar:/Users/igormier/.m2/repository/org/hibernate/common/hibernate-commons-annotations/6.0.6.Final/hibernate-commons-annotations-6.0.6.Final.jar:/Users/igormier/.m2/repository/io/smallrye/jandex/3.0.5/jandex-3.0.5.jar:/Users/igormier/.m2/repository/com/fasterxml/classmate/1.5.1/classmate-1.5.1.jar:/Users/igormier/.m2/repository/net/bytebuddy/byte-buddy/1.14.6/byte-buddy-1.14.6.jar:/Users/igormier/.m2/repository/org/glassfish/jaxb/jaxb-runtime/4.0.3/jaxb-runtime-4.0.3.jar:/Users/igormier/.m2/repository/org/glassfish/jaxb/jaxb-core/4.0.3/jaxb-core-4.0.3.jar:/Users/igormier/.m2/repository/org/glassfish/jaxb/txw2/4.0.3/txw2-4.0.3.jar:/Users/igormier/.m2/repository/com/sun/istack/istack-commons-runtime/4.1.2/istack-commons-runtime-4.1.2.jar:/Users/igormier/.m2/repository/jakarta/inject/jakarta.inject-api/2.0.1/jakarta.inject-api-2.0.1.jar:/Users/igormier/.m2/repository/org/antlr/antlr4-runtime/4.10.1/antlr4-runtime-4.10.1.jar:/Users/igormier/.m2/repository/org/springframework/boot/spring-boot-starter-data-jpa/3.3.0/spring-boot-starter-data-jpa-3.3.0.jar:/Users/igormier/.m2/repository/org/springframework/boot/spring-boot-starter-aop/3.1.3/spring-boot-starter-aop-3.1.3.jar:/Users/igormier/.m2/repository/org/aspectj/aspectjweaver/1.9.20/aspectjweaver-1.9.20.jar:/Users/igormier/.m2/repository/org/springframework/boot/spring-boot-starter-jdbc/3.1.3/spring-boot-starter-jdbc-3.1.3.jar:/Users/igormier/.m2/repository/com/zaxxer/HikariCP/5.0.1/HikariCP-5.0.1.jar:/Users/igormier/.m2/repository/org/springframework/spring-jdbc/6.0.11/spring-jdbc-6.0.11.jar:/Users/igormier/.m2/repository/org/springframework/data/spring-data-jpa/3.1.3/spring-data-jpa-3.1.3.jar:/Users/igormier/.m2/repository/org/springframework/data/spring-data-commons/3.1.3/spring-data-commons-3.1.3.jar:/Users/igormier/.m2/repository/org/springframework/spring-orm/6.0.11/spring-orm-6.0.11.jar:/Users/igormier/.m2/repository/org/springframework/spring-tx/6.0.11/spring-tx-6.0.11.jar:/Users/igormier/.m2/repository/org/springframework/spring-aspects/6.0.11/spring-aspects-6.0.11.jar:/Users/igormier/.m2/repository/org/postgresql/postgresql/42.7.3/postgresql-42.7.3.jar:/Users/igormier/.m2/repository/org/checkerframework/checker-qual/3.42.0/checker-qual-3.42.0.jar:/Users/igormier/.m2/repository/org/springframework/boot/spring-boot-starter-web/3.3.0/spring-boot-starter-web-3.3.0.jar:/Users/igormier/.m2/repository/org/springframework/boot/spring-boot-starter-json/3.1.3/spring-boot-starter-json-3.1.3.jar:/Users/igormier/.m2/repository/com/fasterxml/jackson/datatype/jackson-datatype-jdk8/2.15.2/jackson-datatype-jdk8-2.15.2.jar:/Users/igormier/.m2/repository/com/fasterxml/jackson/datatype/jackson-datatype-jsr310/2.15.2/jackson-datatype-jsr310-2.15.2.jar:/Users/igormier/.m2/repository/com/fasterxml/jackson/module/jackson-module-parameter-names/2.15.2/jackson-module-parameter-names-2.15.2.jar:/Users/igormier/.m2/repository/org/springframework/boot/spring-boot-starter-tomcat/3.1.3/spring-boot-starter-tomcat-3.1.3.jar:/Users/igormier/.m2/repository/org/apache/tomcat/embed/tomcat-embed-core/10.1.12/tomcat-embed-core-10.1.12.jar:/Users/igormier/.m2/repository/org/apache/tomcat/embed/tomcat-embed-el/10.1.12/tomcat-embed-el-10.1.12.jar:/Users/igormier/.m2/repository/org/apache/tomcat/embed/tomcat-embed-websocket/10.1.12/tomcat-embed-websocket-10.1.12.jar:/Users/igormier/.m2/repository/org/springframework/spring-webmvc/6.0.11/spring-webmvc-6.0.11.jar:/Users/igormier/.m2/repository/org/apache/maven/plugins/maven-surefire-plugin/3.2.5/maven-surefire-plugin-3.2.5.jar:/Users/igormier/.m2/repository/org/apache/maven/surefire/maven-surefire-common/3.2.5/maven-surefire-common-3.2.5.jar:/Users/igormier/.m2/repository/org/apache/maven/surefire/surefire-api/3.2.5/surefire-api-3.2.5.jar:/Users/igormier/.m2/repository/org/apache/maven/surefire/surefire-logger-api/3.2.5/surefire-logger-api-3.2.5.jar:/Users/igormier/.m2/repository/org/apache/maven/surefire/surefire-extensions-api/3.2.5/surefire-extensions-api-3.2.5.jar:/Users/igormier/.m2/repository/org/apache/maven/surefire/surefire-booter/3.2.5/surefire-booter-3.2.5.jar:/Users/igormier/.m2/repository/org/apache/maven/surefire/surefire-extensions-spi/3.2.5/surefire-extensions-spi-3.2.5.jar:/Users/igormier/.m2/repository/org/eclipse/aether/aether-util/1.0.0.v20140518/aether-util-1.0.0.v20140518.jar:/Users/igormier/.m2/repository/org/eclipse/aether/aether-api/1.0.0.v20140518/aether-api-1.0.0.v20140518.jar:/Users/igormier/.m2/repository/org/apache/maven/shared/maven-common-artifact-filters/3.1.1/maven-common-artifact-filters-3.1.1.jar:/Users/igormier/.m2/repository/org/apache/maven/maven-artifact/3.1.0/maven-artifact-3.1.0.jar:/Users/igormier/.m2/repository/org/codehaus/plexus/plexus-utils/3.0.10/plexus-utils-3.0.10.jar:/Users/igormier/.m2/repository/org/apache/maven/maven-core/3.1.0/maven-core-3.1.0.jar:/Users/igormier/.m2/repository/org/apache/maven/maven-settings/3.1.0/maven-settings-3.1.0.jar:/Users/igormier/.m2/repository/org/apache/maven/maven-settings-builder/3.1.0/maven-settings-builder-3.1.0.jar:/Users/igormier/.m2/repository/org/apache/maven/maven-repository-metadata/3.1.0/maven-repository-metadata-3.1.0.jar:/Users/igormier/.m2/repository/org/apache/maven/maven-model-builder/3.1.0/maven-model-builder-3.1.0.jar:/Users/igormier/.m2/repository/org/apache/maven/maven-aether-provider/3.1.0/maven-aether-provider-3.1.0.jar:/Users/igormier/.m2/repository/org/eclipse/aether/aether-spi/0.9.0.M2/aether-spi-0.9.0.M2.jar:/Users/igormier/.m2/repository/org/eclipse/aether/aether-impl/0.9.0.M2/aether-impl-0.9.0.M2.jar:/Users/igormier/.m2/repository/org/eclipse/sisu/org.eclipse.sisu.plexus/0.0.0.M2a/org.eclipse.sisu.plexus-0.0.0.M2a.jar:/Users/igormier/.m2/repository/javax/enterprise/cdi-api/1.0/cdi-api-1.0.jar:/Users/igormier/.m2/repository/javax/annotation/jsr250-api/1.0/jsr250-api-1.0.jar:/Users/igormier/.m2/repository/javax/inject/javax.inject/1/javax.inject-1.jar:/Users/igormier/.m2/repository/org/sonatype/sisu/sisu-guice/3.1.0/sisu-guice-3.1.0-no_aop.jar:/Users/igormier/.m2/repository/aopalliance/aopalliance/1.0/aopalliance-1.0.jar:/Users/igormier/.m2/repository/org/eclipse/sisu/org.eclipse.sisu.inject/0.0.0.M2a/org.eclipse.sisu.inject-0.0.0.M2a.jar:/Users/igormier/.m2/repository/asm/asm/3.3.1/asm-3.3.1.jar:/Users/igormier/.m2/repository/org/codehaus/plexus/plexus-interpolation/1.16/plexus-interpolation-1.16.jar:/Users/igormier/.m2/repository/org/codehaus/plexus/plexus-classworlds/2.4.2/plexus-classworlds-2.4.2.jar:/Users/igormier/.m2/repository/org/codehaus/plexus/plexus-component-annotations/1.5.5/plexus-component-annotations-1.5.5.jar:/Users/igormier/.m2/repository/org/sonatype/plexus/plexus-sec-dispatcher/1.3/plexus-sec-dispatcher-1.3.jar:/Users/igormier/.m2/repository/org/sonatype/plexus/plexus-cipher/1.4/plexus-cipher-1.4.jar:/Users/igormier/.m2/repository/org/apache/maven/maven-plugin-api/3.1.0/maven-plugin-api-3.1.0.jar:/Users/igormier/.m2/repository/commons-io/commons-io/2.6/commons-io-2.6.jar:/Users/igormier/.m2/repository/org/codehaus/plexus/plexus-java/1.2.0/plexus-java-1.2.0.jar:/Users/igormier/.m2/repository/com/thoughtworks/qdox/qdox/2.0.3/qdox-2.0.3.jar:/Users/igormier/.m2/repository/org/apache/maven/surefire/surefire-shared-utils/3.2.5/surefire-shared-utils-3.2.5.jar:/Users/igormier/.m2/repository/com/hubspot/algebra/1.4/algebra-1.4.jar:/Users/igormier/.m2/repository/com/google/guava/guava/22.0/guava-22.0.jar:/Users/igormier/.m2/repository/com/google/errorprone/error_prone_annotations/2.0.18/error_prone_annotations-2.0.18.jar:/Users/igormier/.m2/repository/com/google/j2objc/j2objc-annotations/1.1/j2objc-annotations-1.1.jar:/Users/igormier/.m2/repository/org/codehaus/mojo/animal-sniffer-annotations/1.14/animal-sniffer-annotations-1.14.jar:/Users/igormier/.m2/repository/com/hubspot/immutables/hubspot-style/1.2/hubspot-style-1.2.jar:/Users/igormier/.m2/repository/com/google/code/findbugs/annotations/3.0.1/annotations-3.0.1.jar:/Users/igormier/.m2/repository/com/hubspot/immutables/immutables-exceptions/1.2/immutables-exceptions-1.2.jar:/Users/igormier/.m2/repository/com/fasterxml/jackson/core/jackson-annotations/2.15.2/jackson-annotations-2.15.2.jar:/Users/igormier/.m2/repository/org/derive4j/derive4j-annotation/1.1.0/derive4j-annotation-1.1.0.jar:/Users/igormier/.m2/repository/org/apache/commons/commons-lang3/3.14.0/commons-lang3-3.14.0.jar:/Users/igormier/.m2/repository/org/springframework/spring-test/6.1.6/spring-test-6.1.6.jar:/Users/igormier/.m2/repository/org/assertj/assertj-core/3.25.3/assertj-core-3.25.3.jar:/Users/igormier/.m2/repository/org/mockito/mockito-junit-jupiter/5.11.0/mockito-junit-jupiter-5.11.0.jar:/Users/igormier/.m2/repository/org/junit/jupiter/junit-jupiter-api/5.9.3/junit-jupiter-api-5.9.3.jar:/Users/igormier/.m2/repository/org/opentest4j/opentest4j/1.2.0/opentest4j-1.2.0.jar:/Users/igormier/.m2/repository/org/junit/platform/junit-platform-commons/1.9.3/junit-platform-commons-1.9.3.jar:/Users/igormier/.m2/repository/org/apiguardian/apiguardian-api/1.1.2/apiguardian-api-1.1.2.jar:/Users/igormier/.m2/repository/com/github/gavlyukovskiy/datasource-decorator-spring-boot-autoconfigure/1.9.1/datasource-decorator-spring-boot-autoconfigure-1.9.1.jar:/Users/igormier/.m2/repository/com/oath/cyclops/cyclops/10.4.1/cyclops-10.4.1.jar:/Users/igormier/.m2/repository/org/agrona/Agrona/0.9.1/Agrona-0.9.1.jar:/Users/igormier/.m2/repository/org/reactivestreams/reactive-streams/1.0.4/reactive-streams-1.0.4.jar:/Users/igormier/.m2/repository/io/kindedj/kindedj/1.1.0/kindedj-1.1.0.jar:"/>
    <property name="sun.cpu.endian" value="little"/>
    <property name="user.home" value="/Users/igormier"/>
    <property name="user.language" value="en"/>
    <property name="java.specification.vendor" value="Oracle Corporation"/>
    <property name="java.version.date" value="2023-10-17"/>
    <property name="java.home" value="/Users/igormier/.sdkman/candidates/java/21.0.1-amzn"/>
    <property name="file.separator" value="/"/>
    <property name="basedir" value="/Users/igormier/IdeaProjects/gym_server/gym-backend/gym-backend-starter"/>
    <property name="java.vm.compressedOopsMode" value="Zero based"/>
    <property name="line.separator" value="&#10;"/>
    <property name="java.vm.specification.vendor" value="Oracle Corporation"/>
    <property name="java.specification.name" value="Java Platform API Specification"/>
    <property name="FILE_LOG_CHARSET" value="UTF-8"/>
    <property name="java.awt.headless" value="true"/>
    <property name="apple.awt.application.name" value="ForkedBooter"/>
    <property name="surefire.real.class.path" value="/Users/igormier/IdeaProjects/gym_server/gym-backend/gym-backend-starter/target/surefire/surefirebooter-20240618220956159_10.jar"/>
    <property name="sun.management.compiler" value="HotSpot 64-Bit Tiered Compilers"/>
    <property name="ftp.nonProxyHosts" value="local|*.local|169.254/16|*.169.254/16"/>
    <property name="java.runtime.version" value="21.0.1+12-LTS"/>
    <property name="user.name" value="igormier"/>
    <property name="stdout.encoding" value="UTF-8"/>
    <property name="path.separator" value=":"/>
    <property name="os.version" value="13.5"/>
    <property name="java.runtime.name" value="OpenJDK Runtime Environment"/>
    <property name="file.encoding" value="UTF-8"/>
    <property name="java.vm.name" value="OpenJDK 64-Bit Server VM"/>
    <property name="java.vendor.version" value="Corretto-21.0.1.12.1"/>
    <property name="localRepository" value="/Users/igormier/.m2/repository"/>
    <property name="java.vendor.url.bug" value="https://github.com/corretto/corretto-21/issues/"/>
    <property name="java.io.tmpdir" value="/var/folders/b5/3908bmcd2k36hvf2sn84xnv40000gp/T/"/>
    <property name="com.zaxxer.hikari.pool_number" value="1"/>
    <property name="java.version" value="21.0.1"/>
    <property name="user.dir" value="/Users/igormier/IdeaProjects/gym_server/gym-backend/gym-backend-starter"/>
    <property name="os.arch" value="x86_64"/>
    <property name="java.vm.specification.name" value="Java Virtual Machine Specification"/>
    <property name="PID" value="10421"/>
    <property name="CONSOLE_LOG_CHARSET" value="UTF-8"/>
    <property name="native.encoding" value="UTF-8"/>
    <property name="java.library.path" value="/Users/igormier/Library/Java/Extensions:/Library/Java/Extensions:/Network/Library/Java/Extensions:/System/Library/Java/Extensions:/usr/lib/java:."/>
    <property name="java.vm.info" value="mixed mode, sharing"/>
    <property name="stderr.encoding" value="UTF-8"/>
    <property name="java.vendor" value="Amazon.com Inc."/>
    <property name="java.vm.version" value="21.0.1+12-LTS"/>
    <property name="sun.io.unicode.encoding" value="UnicodeBig"/>
    <property name="socksNonProxyHosts" value="local|*.local|169.254/16|*.169.254/16"/>
    <property name="java.class.version" value="65.0"/>
  </properties>
  <testcase name="invalidGenderDuringRegistrationWillCauseInvalidNicknameResponse" classname="com.backend.gym.controller.proxy.registration.UserManagementControllerRegistrationTest" time="2.195">
    <system-out><![CDATA[22:09:57.478 [main] INFO org.springframework.test.context.support.AnnotationConfigContextLoaderUtils -- Could not detect default configuration classes for test class [com.backend.gym.controller.proxy.registration.UserManagementControllerRegistrationTest]: UserManagementControllerRegistrationTest does not declare any static, non-private, non-final, nested classes annotated with @Configuration.
22:09:57.635 [main] INFO org.springframework.boot.test.context.SpringBootTestContextBootstrapper -- Found @SpringBootConfiguration com.backend.gym.GymBackendApplication for test class com.backend.gym.controller.proxy.registration.UserManagementControllerRegistrationTest

  .   ____          _            __ _ _
 /\\ / ___'_ __ _ _(_)_ __  __ _ \ \ \ \
( ( )\___ | '_ | '_| | '_ \/ _` | \ \ \ \
 \\/  ___)| |_)| | | | | || (_| |  ) ) ) )
  '  |____| .__|_| |_|_| |_\__, | / / / /
 =========|_|==============|___/=/_/_/_/
 :: Spring Boot ::                (v3.1.3)

2024-06-18T22:09:58.198+02:00  INFO 10421 --- [           main] UserManagementControllerRegistrationTest : Starting UserManagementControllerRegistrationTest using Java 21.0.1 with PID 10421 (started by igormier in /Users/igormier/IdeaProjects/gym_server/gym-backend/gym-backend-starter)
2024-06-18T22:09:58.200+02:00  INFO 10421 --- [           main] UserManagementControllerRegistrationTest : No active profile set, falling back to 1 default profile: "default"
2024-06-18T22:09:58.940+02:00  INFO 10421 --- [           main] .s.d.r.c.RepositoryConfigurationDelegate : Bootstrapping Spring Data JPA repositories in DEFAULT mode.
2024-06-18T22:09:59.034+02:00  INFO 10421 --- [           main] .s.d.r.c.RepositoryConfigurationDelegate : Finished Spring Data repository scanning in 80 ms. Found 1 JPA repository interfaces.
2024-06-18T22:10:00.931+02:00  INFO 10421 --- [           main] o.hibernate.jpa.internal.util.LogHelper  : HHH000204: Processing PersistenceUnitInfo [name: default]
2024-06-18T22:10:01.132+02:00  INFO 10421 --- [           main] org.hibernate.Version                    : HHH000412: Hibernate ORM core version 6.2.7.Final
2024-06-18T22:10:01.137+02:00  INFO 10421 --- [           main] org.hibernate.cfg.Environment            : HHH000406: Using bytecode reflection optimizer
2024-06-18T22:10:01.429+02:00  INFO 10421 --- [           main] o.h.b.i.BytecodeProviderInitiator        : HHH000021: Bytecode provider name : bytebuddy
2024-06-18T22:10:02.214+02:00  INFO 10421 --- [           main] o.s.o.j.p.SpringPersistenceUnitInfo      : No LoadTimeWeaver setup: ignoring JPA class transformer
2024-06-18T22:10:02.345+02:00  INFO 10421 --- [           main] com.zaxxer.hikari.HikariDataSource       : HikariPool-1 - Starting...
2024-06-18T22:10:03.307+02:00  INFO 10421 --- [           main] com.zaxxer.hikari.pool.HikariPool        : HikariPool-1 - Added connection org.postgresql.jdbc.PgConnection@658e7ead
2024-06-18T22:10:03.310+02:00  INFO 10421 --- [           main] com.zaxxer.hikari.HikariDataSource       : HikariPool-1 - Start completed.
2024-06-18T22:10:04.024+02:00  INFO 10421 --- [           main] o.h.b.i.BytecodeProviderInitiator        : HHH000021: Bytecode provider name : bytebuddy
2024-06-18T22:10:08.290+02:00  INFO 10421 --- [           main] o.h.e.t.j.p.i.JtaPlatformInitiator       : HHH000490: Using JtaPlatform implementation: [org.hibernate.engine.transaction.jta.platform.internal.NoJtaPlatform]
2024-06-18T22:10:08.294+02:00  INFO 10421 --- [           main] j.LocalContainerEntityManagerFactoryBean : Initialized JPA EntityManagerFactory for persistence unit 'default'
2024-06-18T22:10:09.667+02:00  WARN 10421 --- [           main] JpaBaseConfiguration$JpaWebConfiguration : spring.jpa.open-in-view is enabled by default. Therefore, database queries may be performed during view rendering. Explicitly configure spring.jpa.open-in-view to disable this warning
2024-06-18T22:10:10.400+02:00  INFO 10421 --- [           main] o.s.s.web.DefaultSecurityFilterChain     : Will secure any request with [org.springframework.security.web.session.DisableEncodeUrlFilter@674fd531, org.springframework.security.web.context.request.async.WebAsyncManagerIntegrationFilter@7f53b345, org.springframework.security.web.context.SecurityContextHolderFilter@2c51c756, org.springframework.security.web.header.HeaderWriterFilter@1477d4e6, org.springframework.security.web.authentication.logout.LogoutFilter@1b120d48, gym.mmt.auth.config.JwtAuthFilter@38b0e2a7, org.springframework.security.web.savedrequest.RequestCacheAwareFilter@1ddc889b, org.springframework.security.web.servletapi.SecurityContextHolderAwareRequestFilter@5ec3689b, org.springframework.security.web.authentication.AnonymousAuthenticationFilter@76ee7301, org.springframework.security.web.session.SessionManagementFilter@78a34c47, org.springframework.security.web.access.ExceptionTranslationFilter@691a5c3a, org.springframework.security.web.access.intercept.AuthorizationFilter@27b7e663]
2024-06-18T22:10:13.425+02:00  INFO 10421 --- [           main] UserManagementControllerRegistrationTest : Started UserManagementControllerRegistrationTest in 15.449 seconds (process running for 17.211)
]]></system-out>
    <system-err><![CDATA[WARNING: A Java agent has been loaded dynamically (/Users/igormier/.m2/repository/net/bytebuddy/byte-buddy-agent/1.14.6/byte-buddy-agent-1.14.6.jar)
WARNING: If a serviceability tool is in use, please run with -XX:+EnableDynamicAgentLoading to hide this warning
WARNING: If a serviceability tool is not in use, please run with -Djdk.instrument.traceUsage for more information
WARNING: Dynamic loading of agents will be disallowed by default in a future release
]]></system-err>
  </testcase>
  <testcase name="registeringUserWithTheSameValidDataTwiceWillCauseGivenUserAlreadyExistError" classname="com.backend.gym.controller.proxy.registration.UserManagementControllerRegistrationTest" time="0.886">
    <system-out><![CDATA[2024-06-18T22:10:15.665+02:00  INFO 10421 --- [           main] c.g.u.r.s.processor.UserAuthProcessor    : Starting processing registration new user account with data: ValidUserRegistrationRequest{password='*******', passwordMatcher='*******', mail='Hdu3Lv8AzD.UWlaLWlpjA@gmail.com', nickname='wANawjadac', gender=MAN}
2024-06-18T22:10:16.290+02:00  INFO 10421 --- [           main] c.g.u.r.c.r.UserRegistrationResponseDto  : User account created successfully. Provisioned user: UserRegistrationResponseDto{id=8eb42516-563c-407e-8863-df14a382adcd, mail='Hdu3Lv8AzD.UWlaLWlpjA@gmail.com', nickname='wANawjadac', gender=MAN, role=MEMBER}
2024-06-18T22:10:16.426+02:00  INFO 10421 --- [           main] c.g.u.r.s.processor.UserAuthProcessor    : Starting processing registration new user account with data: ValidUserRegistrationRequest{password='*******', passwordMatcher='*******', mail='Hdu3Lv8AzD.UWlaLWlpjA@gmail.com', nickname='wANawjadac', gender=MAN}
2024-06-18T22:10:16.541+02:00 ERROR 10421 --- [           main] c.g.u.r.s.processor.UserAuthProcessor    : End of processing registration new user account with data: ValidUserRegistrationRequest{password='*******', passwordMatcher='*******', mail='Hdu3Lv8AzD.UWlaLWlpjA@gmail.com', nickname='wANawjadac', gender=MAN}, with error: 100050
]]></system-out>
  </testcase>
  <testcase name="invalidPasswordDuringRegistrationWillCauseInvalidNicknameResponse" classname="com.backend.gym.controller.proxy.registration.UserManagementControllerRegistrationTest" time="0.021"/>
  <testcase name="nullableGenderForRegistrationCausesValidResponse" classname="com.backend.gym.controller.proxy.registration.UserManagementControllerRegistrationTest" time="0.516">
    <system-out><![CDATA[2024-06-18T22:10:16.616+02:00  INFO 10421 --- [           main] c.g.u.r.s.processor.UserAuthProcessor    : Starting processing registration new user account with data: ValidUserRegistrationRequest{password='*******', passwordMatcher='*******', mail='ZnUxvrViIb.UCnhXu8Opz@gmail.com', nickname='XVX9fMNHhY', gender=UNKNOWN}
2024-06-18T22:10:17.055+02:00  INFO 10421 --- [           main] c.g.u.r.c.r.UserRegistrationResponseDto  : User account created successfully. Provisioned user: UserRegistrationResponseDto{id=dcb4c64d-0bd5-45fe-944c-4c6c2641d165, mail='ZnUxvrViIb.UCnhXu8Opz@gmail.com', nickname='XVX9fMNHhY', gender=UNKNOWN, role=MEMBER}
]]></system-out>
  </testcase>
  <testcase name="invalidNicknameDuringRegistrationWillCauseInvalidNicknameResponse" classname="com.backend.gym.controller.proxy.registration.UserManagementControllerRegistrationTest" time="0.029"/>
  <testcase name="passwordWhichDoesNotMatchDuringRegistrationWillCauseInvalidNicknameResponse" classname="com.backend.gym.controller.proxy.registration.UserManagementControllerRegistrationTest" time="0.04"/>
  <testcase name="invalidMailDuringRegistrationWillCauseInvalidNicknameResponse" classname="com.backend.gym.controller.proxy.registration.UserManagementControllerRegistrationTest" time="0.082"/>
  <testcase name="validDataForRegistrationCausesValidResponse" classname="com.backend.gym.controller.proxy.registration.UserManagementControllerRegistrationTest" time="0.476">
    <system-out><![CDATA[2024-06-18T22:10:17.290+02:00  INFO 10421 --- [           main] c.g.u.r.s.processor.UserAuthProcessor    : Starting processing registration new user account with data: ValidUserRegistrationRequest{password='*******', passwordMatcher='*******', mail='3ZMwGoHK2O.iNpRbYh7gn@gmail.com', nickname='YIRjF1GOXf', gender=MAN}
2024-06-18T22:10:17.671+02:00  INFO 10421 --- [           main] c.g.u.r.c.r.UserRegistrationResponseDto  : User account created successfully. Provisioned user: UserRegistrationResponseDto{id=65814600-bcf7-467a-9e50-df86aa386994, mail='3ZMwGoHK2O.iNpRbYh7gn@gmail.com', nickname='YIRjF1GOXf', gender=MAN, role=MEMBER}
]]></system-out>
  </testcase>
</testsuite>