<?xml version="1.0" encoding="UTF-8"?>
<testsuite xmlns:xsi="http://www.w3.org/2001/XMLSchema-instance" xsi:noNamespaceSchemaLocation="https://maven.apache.org/surefire/maven-surefire-plugin/xsd/surefire-test-report-3.0.xsd" version="3.0" name="com.backend.gym.common.response.MMTResponseCreatorTest" time="0.143" tests="5" errors="0" skipped="0" failures="0">
  <properties>
    <property name="java.specification.version" value="21"/>
    <property name="sun.jnu.encoding" value="UTF-8"/>
    <property name="java.class.path" value="/Users/igormier/IdeaProjects/gym_server/gym-response/target/test-classes:/Users/igormier/IdeaProjects/gym_server/gym-response/target/classes:/Users/igormier/.m2/repository/org/projectlombok/lombok/1.18.30/lombok-1.18.30.jar:/Users/igormier/.m2/repository/org/springframework/spring-web/6.1.3/spring-web-6.1.3.jar:/Users/igormier/.m2/repository/org/springframework/spring-beans/6.1.3/spring-beans-6.1.3.jar:/Users/igormier/.m2/repository/org/springframework/spring-core/6.1.3/spring-core-6.1.3.jar:/Users/igormier/.m2/repository/org/springframework/spring-jcl/6.1.3/spring-jcl-6.1.3.jar:/Users/igormier/.m2/repository/io/micrometer/micrometer-observation/1.12.2/micrometer-observation-1.12.2.jar:/Users/igormier/.m2/repository/io/micrometer/micrometer-commons/1.12.2/micrometer-commons-1.12.2.jar:/Users/igormier/.m2/repository/org/junit/jupiter/junit-jupiter-api/5.9.3/junit-jupiter-api-5.9.3.jar:/Users/igormier/.m2/repository/org/opentest4j/opentest4j/1.2.0/opentest4j-1.2.0.jar:/Users/igormier/.m2/repository/org/junit/platform/junit-platform-commons/1.9.3/junit-platform-commons-1.9.3.jar:/Users/igormier/.m2/repository/org/apiguardian/apiguardian-api/1.1.2/apiguardian-api-1.1.2.jar:/Users/igormier/.m2/repository/org/assertj/assertj-core/3.24.2/assertj-core-3.24.2.jar:/Users/igormier/.m2/repository/net/bytebuddy/byte-buddy/1.12.21/byte-buddy-1.12.21.jar:/Users/igormier/.m2/repository/com/oath/cyclops/cyclops/10.4.1/cyclops-10.4.1.jar:/Users/igormier/.m2/repository/org/agrona/Agrona/0.9.1/Agrona-0.9.1.jar:/Users/igormier/.m2/repository/org/reactivestreams/reactive-streams/1.0.0/reactive-streams-1.0.0.jar:/Users/igormier/.m2/repository/io/kindedj/kindedj/1.1.0/kindedj-1.1.0.jar:"/>
    <property name="java.vm.vendor" value="Amazon.com Inc."/>
    <property name="sun.arch.data.model" value="64"/>
    <property name="java.vendor.url" value="https://aws.amazon.com/corretto/"/>
    <property name="os.name" value="Mac OS X"/>
    <property name="java.vm.specification.version" value="21"/>
    <property name="sun.java.launcher" value="SUN_STANDARD"/>
    <property name="user.country" value="GB"/>
    <property name="sun.boot.library.path" value="/Users/igormier/.sdkman/candidates/java/21.0.1-amzn/lib"/>
    <property name="sun.java.command" value="/Users/igormier/IdeaProjects/gym_server/gym-response/target/surefire/surefirebooter-20240612222748689_3.jar /Users/igormier/IdeaProjects/gym_server/gym-response/target/surefire 2024-06-12T22-27-48_557-jvmRun1 surefire-20240612222748689_1tmp surefire_0-20240612222748689_2tmp"/>
    <property name="http.nonProxyHosts" value="local|*.local|169.254/16|*.169.254/16"/>
    <property name="jdk.debug" value="release"/>
    <property name="surefire.test.class.path" value="/Users/igormier/IdeaProjects/gym_server/gym-response/target/test-classes:/Users/igormier/IdeaProjects/gym_server/gym-response/target/classes:/Users/igormier/.m2/repository/org/projectlombok/lombok/1.18.30/lombok-1.18.30.jar:/Users/igormier/.m2/repository/org/springframework/spring-web/6.1.3/spring-web-6.1.3.jar:/Users/igormier/.m2/repository/org/springframework/spring-beans/6.1.3/spring-beans-6.1.3.jar:/Users/igormier/.m2/repository/org/springframework/spring-core/6.1.3/spring-core-6.1.3.jar:/Users/igormier/.m2/repository/org/springframework/spring-jcl/6.1.3/spring-jcl-6.1.3.jar:/Users/igormier/.m2/repository/io/micrometer/micrometer-observation/1.12.2/micrometer-observation-1.12.2.jar:/Users/igormier/.m2/repository/io/micrometer/micrometer-commons/1.12.2/micrometer-commons-1.12.2.jar:/Users/igormier/.m2/repository/org/junit/jupiter/junit-jupiter-api/5.9.3/junit-jupiter-api-5.9.3.jar:/Users/igormier/.m2/repository/org/opentest4j/opentest4j/1.2.0/opentest4j-1.2.0.jar:/Users/igormier/.m2/repository/org/junit/platform/junit-platform-commons/1.9.3/junit-platform-commons-1.9.3.jar:/Users/igormier/.m2/repository/org/apiguardian/apiguardian-api/1.1.2/apiguardian-api-1.1.2.jar:/Users/igormier/.m2/repository/org/assertj/assertj-core/3.24.2/assertj-core-3.24.2.jar:/Users/igormier/.m2/repository/net/bytebuddy/byte-buddy/1.12.21/byte-buddy-1.12.21.jar:/Users/igormier/.m2/repository/com/oath/cyclops/cyclops/10.4.1/cyclops-10.4.1.jar:/Users/igormier/.m2/repository/org/agrona/Agrona/0.9.1/Agrona-0.9.1.jar:/Users/igormier/.m2/repository/org/reactivestreams/reactive-streams/1.0.0/reactive-streams-1.0.0.jar:/Users/igormier/.m2/repository/io/kindedj/kindedj/1.1.0/kindedj-1.1.0.jar:"/>
    <property name="sun.cpu.endian" value="little"/>
    <property name="user.home" value="/Users/igormier"/>
    <property name="user.language" value="en"/>
    <property name="java.specification.vendor" value="Oracle Corporation"/>
    <property name="java.version.date" value="2023-10-17"/>
    <property name="java.home" value="/Users/igormier/.sdkman/candidates/java/21.0.1-amzn"/>
    <property name="file.separator" value="/"/>
    <property name="basedir" value="/Users/igormier/IdeaProjects/gym_server/gym-response"/>
    <property name="java.vm.compressedOopsMode" value="Zero based"/>
    <property name="line.separator" value="&#10;"/>
    <property name="java.vm.specification.vendor" value="Oracle Corporation"/>
    <property name="java.specification.name" value="Java Platform API Specification"/>
    <property name="apple.awt.application.name" value="ForkedBooter"/>
    <property name="surefire.real.class.path" value="/Users/igormier/IdeaProjects/gym_server/gym-response/target/surefire/surefirebooter-20240612222748689_3.jar"/>
    <property name="sun.management.compiler" value="HotSpot 64-Bit Tiered Compilers"/>
    <property name="ftp.nonProxyHosts" value="local|*.local|169.254/16|*.169.254/16"/>
    <property name="java.runtime.version" value="21.0.1+12-LTS"/>
    <property name="user.name" value="igormier"/>
    <property name="stdout.encoding" value="UTF-8"/>
    <property name="path.separator" value=":"/>
    <property name="os.version" value="13.5"/>
    <property name="java.runtime.name" value="OpenJDK Runtime Environment"/>
    <property name="file.encoding" value="UTF-8"/>
    <property name="java.vm.name" value="OpenJDK 64-Bit Server VM"/>
    <property name="java.vendor.version" value="Corretto-21.0.1.12.1"/>
    <property name="localRepository" value="/Users/igormier/.m2/repository"/>
    <property name="java.vendor.url.bug" value="https://github.com/corretto/corretto-21/issues/"/>
    <property name="java.io.tmpdir" value="/var/folders/b5/3908bmcd2k36hvf2sn84xnv40000gp/T/"/>
    <property name="java.version" value="21.0.1"/>
    <property name="user.dir" value="/Users/igormier/IdeaProjects/gym_server/gym-response"/>
    <property name="os.arch" value="x86_64"/>
    <property name="java.vm.specification.name" value="Java Virtual Machine Specification"/>
    <property name="native.encoding" value="UTF-8"/>
    <property name="java.library.path" value="/Users/igormier/Library/Java/Extensions:/Library/Java/Extensions:/Network/Library/Java/Extensions:/System/Library/Java/Extensions:/usr/lib/java:."/>
    <property name="java.vm.info" value="mixed mode, sharing"/>
    <property name="stderr.encoding" value="UTF-8"/>
    <property name="java.vendor" value="Amazon.com Inc."/>
    <property name="java.vm.version" value="21.0.1+12-LTS"/>
    <property name="sun.io.unicode.encoding" value="UnicodeBig"/>
    <property name="socksNonProxyHosts" value="local|*.local|169.254/16|*.169.254/16"/>
    <property name="java.class.version" value="65.0"/>
  </properties>
  <testcase name="flashCardResponseCreator__canInclude__BADREQUEST" classname="com.backend.gym.common.response.MMTResponseCreatorTest" time="0.099"/>
  <testcase name="flashCardResponseCreator__canInclude__CONFLICT" classname="com.backend.gym.common.response.MMTResponseCreatorTest" time="0.005"/>
  <testcase name="flashCardResponseCreator__canInclude__CREATED" classname="com.backend.gym.common.response.MMTResponseCreatorTest" time="0.002"/>
  <testcase name="flashCardResponseCreator__canInclude__OK" classname="com.backend.gym.common.response.MMTResponseCreatorTest" time="0.001"/>
  <testcase name="flashCardResponseCreator__canInclude__NOTFOUND" classname="com.backend.gym.common.response.MMTResponseCreatorTest" time="0.001"/>
</testsuite>